<?xml version="1.0" encoding="UTF-8"?>
<!-- Generated by org.testng.reporters.JUnitXMLReporter -->
<testsuite hostname="DESKTOP-BVHNE8J" ignored="0" name="IdentifyCourses" tests="4" failures="0" timestamp="2020-10-22T22:03:19 IST" time="95.373" errors="0">
  <testcase name="searchCourse" time="30.856" classname="tests.courseSearch"/>
  <testcase name="filterDetails" time="17.909" classname="tests.courseSearch"/>
  <testcase name="fillFormIncorrectData" time="26.537" classname="tests.courseSearch"/>
  <testcase name="fillFormCorrectData" time="13.433" classname="tests.courseSearch"/>
</testsuite> <!-- IdentifyCourses -->
