<?xml version="1.0" encoding="UTF-8"?>
<!-- Generated by org.testng.reporters.JUnitXMLReporter -->
<testsuite hostname="DESKTOP-BVHNE8J" ignored="0" name="IdentifyCourses" tests="4" failures="0" timestamp="2020-10-26T11:23:27 IST" time="159.714" errors="0">
  <testcase name="searchCourse" time="45.073" classname="tests.courseSearch"/>
  <testcase name="filterDetails" time="27.986" classname="tests.courseSearch"/>
  <testcase name="fillFormIncorrectData" time="64.543" classname="tests.courseSearch"/>
  <testcase name="fillFormCorrectData" time="19.293" classname="tests.courseSearch"/>
</testsuite> <!-- IdentifyCourses -->
