<?xml version="1.0" encoding="UTF-8"?>
<testng-results skipped="0" failed="0" ignored="0" total="4" passed="4">
  <reporter-output>
  </reporter-output>
  <suite name="Hackathon" duration-ms="95373" started-at="2020-10-22T22:01:43 IST" finished-at="2020-10-22T22:03:19 IST">
    <groups>
    </groups>
    <test name="IdentifyCourses" duration-ms="95373" started-at="2020-10-22T22:01:43 IST" finished-at="2020-10-22T22:03:19 IST">
      <class name="tests.courseSearch">
        <test-method status="PASS" signature="openWebsite()[pri:0, instance:tests.courseSearch@77cd7a0]" name="openWebsite" is-config="true" duration-ms="22144" started-at="2020-10-22T22:01:21 IST" finished-at="2020-10-22T22:01:43 IST">
          <reporter-output>
          </reporter-output>
        </test-method> <!-- openWebsite -->
        <test-method status="PASS" signature="initiateClasses()[pri:0, instance:tests.courseSearch@77cd7a0]" name="initiateClasses" is-config="true" duration-ms="17" started-at="2020-10-22T22:01:45 IST" finished-at="2020-10-22T22:01:45 IST">
          <reporter-output>
          </reporter-output>
        </test-method> <!-- initiateClasses -->
        <test-method status="PASS" signature="searchCourse()[pri:1, instance:tests.courseSearch@77cd7a0]" name="searchCourse" duration-ms="30856" started-at="2020-10-22T22:01:45 IST" finished-at="2020-10-22T22:02:16 IST">
          <reporter-output>
          </reporter-output>
        </test-method> <!-- searchCourse -->
        <test-method status="PASS" signature="filterDetails()[pri:2, instance:tests.courseSearch@77cd7a0]" name="filterDetails" duration-ms="17909" started-at="2020-10-22T22:02:16 IST" finished-at="2020-10-22T22:02:34 IST">
          <reporter-output>
          </reporter-output>
        </test-method> <!-- filterDetails -->
        <test-method status="PASS" signature="fillFormIncorrectData()[pri:3, instance:tests.courseSearch@77cd7a0]" name="fillFormIncorrectData" duration-ms="26537" started-at="2020-10-22T22:02:35 IST" finished-at="2020-10-22T22:03:01 IST">
          <reporter-output>
          </reporter-output>
        </test-method> <!-- fillFormIncorrectData -->
        <test-method status="PASS" signature="fillFormCorrectData()[pri:4, instance:tests.courseSearch@77cd7a0]" name="fillFormCorrectData" duration-ms="13433" started-at="2020-10-22T22:03:02 IST" finished-at="2020-10-22T22:03:15 IST">
          <reporter-output>
          </reporter-output>
        </test-method> <!-- fillFormCorrectData -->
        <test-method status="PASS" signature="exitBrowser()[pri:0, instance:tests.courseSearch@77cd7a0]" name="exitBrowser" is-config="true" duration-ms="1651" started-at="2020-10-22T22:03:19 IST" finished-at="2020-10-22T22:03:21 IST">
          <reporter-output>
          </reporter-output>
        </test-method> <!-- exitBrowser -->
      </class> <!-- tests.courseSearch -->
    </test> <!-- IdentifyCourses -->
  </suite> <!-- Hackathon -->
</testng-results>
