<?xml version="1.0" encoding="UTF-8"?>
<testng-results skipped="0" failed="0" ignored="0" total="4" passed="4">
  <reporter-output>
  </reporter-output>
  <suite name="Hackathon" duration-ms="159714" started-at="2020-10-26T11:20:48 IST" finished-at="2020-10-26T11:23:27 IST">
    <groups>
    </groups>
    <test name="IdentifyCourses" duration-ms="159714" started-at="2020-10-26T11:20:48 IST" finished-at="2020-10-26T11:23:27 IST">
      <class name="tests.courseSearch">
        <test-method status="PASS" signature="openWebsite()[pri:0, instance:tests.courseSearch@3159c4b8]" name="openWebsite" is-config="true" duration-ms="31805" started-at="2020-10-26T11:20:16 IST" finished-at="2020-10-26T11:20:48 IST">
          <reporter-output>
          </reporter-output>
        </test-method> <!-- openWebsite -->
        <test-method status="PASS" signature="initiateClasses()[pri:0, instance:tests.courseSearch@3159c4b8]" name="initiateClasses" is-config="true" duration-ms="16" started-at="2020-10-26T11:20:48 IST" finished-at="2020-10-26T11:20:48 IST">
          <reporter-output>
          </reporter-output>
        </test-method> <!-- initiateClasses -->
        <test-method status="PASS" signature="searchCourse()[pri:1, instance:tests.courseSearch@3159c4b8]" name="searchCourse" duration-ms="45073" started-at="2020-10-26T11:20:48 IST" finished-at="2020-10-26T11:21:33 IST">
          <reporter-output>
          </reporter-output>
        </test-method> <!-- searchCourse -->
        <test-method status="PASS" signature="filterDetails()[pri:2, instance:tests.courseSearch@3159c4b8]" name="filterDetails" duration-ms="27986" started-at="2020-10-26T11:21:34 IST" finished-at="2020-10-26T11:22:02 IST">
          <reporter-output>
          </reporter-output>
        </test-method> <!-- filterDetails -->
        <test-method status="PASS" signature="fillFormIncorrectData()[pri:3, instance:tests.courseSearch@3159c4b8]" name="fillFormIncorrectData" duration-ms="64543" started-at="2020-10-26T11:22:02 IST" finished-at="2020-10-26T11:23:07 IST">
          <reporter-output>
          </reporter-output>
        </test-method> <!-- fillFormIncorrectData -->
        <test-method status="PASS" signature="fillFormCorrectData()[pri:4, instance:tests.courseSearch@3159c4b8]" name="fillFormCorrectData" duration-ms="19293" started-at="2020-10-26T11:23:07 IST" finished-at="2020-10-26T11:23:27 IST">
          <reporter-output>
          </reporter-output>
        </test-method> <!-- fillFormCorrectData -->
        <test-method status="PASS" signature="exitBrowser()[pri:0, instance:tests.courseSearch@3159c4b8]" name="exitBrowser" is-config="true" duration-ms="879" started-at="2020-10-26T11:23:28 IST" finished-at="2020-10-26T11:23:29 IST">
          <reporter-output>
          </reporter-output>
        </test-method> <!-- exitBrowser -->
      </class> <!-- tests.courseSearch -->
    </test> <!-- IdentifyCourses -->
  </suite> <!-- Hackathon -->
</testng-results>
